2024.08.12 15:52:48 INFO  Started: Metals version 1.3.5 in folders 'C:\Users\LENOVO\UCSC\2nd Year\semester 1\2204 Functional Programming\Practicals\gitRepo\Scala22000291\practical8' for client Visual Studio Code 1.92.1.
SLF4J(W): Class path contains multiple SLF4J providers.
SLF4J(W): Found provider [scribe.slf4j.ScribeServiceProvider@5c1eca23]
SLF4J(W): Found provider [ch.qos.logback.classic.spi.LogbackServiceProvider@7b48385]
SLF4J(W): See https://www.slf4j.org/codes.html#multiple_bindings for an explanation.
SLF4J(I): Actual provider is of type [scribe.slf4j.ScribeServiceProvider@5c1eca23]
2024.08.12 15:52:48 WARN  Flyway upgrade recommended: H2 2.3.230 is newer than this version of Flyway and support has not been tested. The latest supported version of H2 is 2.2.220.
2024.08.12 15:52:49 INFO  no build target found for C:\Users\LENOVO\UCSC\2nd Year\semester 1\2204 Functional Programming\Practicals\gitRepo\Scala22000291\practical8\q1.scala. Using presentation compiler with project's scala-library version: 3.3.3
2024.08.12 15:52:54 WARN  Could not find semantic tokens for: file:///C:/Users/LENOVO/UCSC/2nd%20Year/semester%201/2204%20Functional%20Programming/Practicals/gitRepo/Scala22000291/practical8/q1.scala
2024.08.12 15:52:57 INFO  Running List(C:\Users\LENOVO\AppData\Local\Coursier\data\bin\scala-cli.BAT, setup-ide, C:\Users\LENOVO\UCSC\2nd Year\semester 1\2204 Functional Programming\Practicals\gitRepo\Scala22000291\practical8)
2024.08.12 15:52:57 INFO  Attempting to connect to the build server...
2024.08.12 15:52:57 INFO  Running BSP server List(C:\Users\LENOVO\AppData\Local\Coursier\data\bin\.scala-cli.aux.exe, bsp, --json-options, C:\Users\LENOVO\UCSC\2nd Year\semester 1\2204 Functional Programming\Practicals\gitRepo\Scala22000291\practical8\.scala-build\ide-options-v2.json, --json-launcher-options, C:\Users\LENOVO\UCSC\2nd Year\semester 1\2204 Functional Programming\Practicals\gitRepo\Scala22000291\practical8\.scala-build\ide-launcher-options.json, --envs-file, C:\Users\LENOVO\UCSC\2nd Year\semester 1\2204 Functional Programming\Practicals\gitRepo\Scala22000291\practical8\.scala-build\ide-envs.json, C:\Users\LENOVO\UCSC\2nd Year\semester 1\2204 Functional Programming\Practicals\gitRepo\Scala22000291\practical8)
2024.08.12 15:52:57 INFO  tracing is disabled for protocol BSP, to enable tracing of incoming and outgoing JSON messages create an empty file at C:\Users\LENOVO\UCSC\2nd Year\semester 1\2204 Functional Programming\Practicals\gitRepo\Scala22000291\practical8\.metals\bsp.trace.json or C:\Users\LENOVO\AppData\Local\scalameta\metals\cache\bsp.trace.json
2024.08.12 15:53:00 INFO  BSP server: Starting compilation server
2024.08.12 15:53:05 INFO  time: Connected to build server in 8.09s
2024.08.12 15:53:05 INFO  Connected to Build server: scala-cli v1.4.0
2024.08.12 15:53:06 INFO  time: Imported build in 0.24s
2024.08.12 15:53:06 INFO  running doctor check
2024.08.12 15:53:06 INFO  java targets: practical8_f4dd477a3a-test, practical8_f4dd477a3a
2024.08.12 15:53:06 INFO  compiling practical8_f4dd477a3a (1 scala source)
2024.08.12 15:53:09 INFO  time: compiled practical8_f4dd477a3a in 2.47s
2024.08.12 15:53:10 WARN  Flyway upgrade recommended: H2 2.3.230 is newer than this version of Flyway and support has not been tested. The latest supported version of H2 is 2.2.220.
2024.08.12 15:53:26 INFO  time: indexed workspace in 19s
2024.08.12 15:53:28 WARN  Could not find semantic tokens for: file:///C:/Users/LENOVO/UCSC/2nd%20Year/semester%201/2204%20Functional%20Programming/Practicals/gitRepo/Scala22000291/practical8/q1.scala
2024.08.12 15:53:30 WARN  Could not find semantic tokens for: file:///C:/Users/LENOVO/UCSC/2nd%20Year/semester%201/2204%20Functional%20Programming/Practicals/gitRepo/Scala22000291/practical8/q1.scala
Aug 12, 2024 3:53:42 PM org.eclipse.lsp4j.jsonrpc.services.GenericEndpoint notify
INFO: Unsupported notification method: $/setTrace
2024.08.12 15:55:58 INFO  compiling practical8_f4dd477a3a (1 scala source)
2024.08.12 15:56:01 INFO  time: compiled practical8_f4dd477a3a in 2.52s
2024.08.12 15:57:42 INFO  Shutting down server
2024.08.12 15:57:42 INFO  shutting down Metals
2024.08.12 15:57:42 INFO  BSP server: Aug 12, 2024 3:57:42 PM org.eclipse.lsp4j.jsonrpc.RemoteEndpoint handleNotification
2024.08.12 15:57:42 INFO  BSP server: WARNING: Notification threw an exception: {
2024.08.12 15:57:42 INFO  Shut down connection with build server.
2024.08.12 15:57:42 INFO  BSP server:   "jsonrpc": "2.0",
2024.08.12 15:57:42 INFO  BSP server:   "method": "build/exit",
2024.08.12 15:57:42 INFO  Exiting server
2024.08.12 16:00:59 INFO  Started: Metals version 1.3.5 in folders 'C:\Users\LENOVO\UCSC\2nd Year\semester 1\2204 Functional Programming\Practicals\gitRepo\Scala22000291\practical8' for client Visual Studio Code 1.92.1.
SLF4J(W): Class path contains multiple SLF4J providers.
SLF4J(W): Found provider [scribe.slf4j.ScribeServiceProvider@57e0253f]
SLF4J(W): Found provider [ch.qos.logback.classic.spi.LogbackServiceProvider@25c47d24]
SLF4J(W): See https://www.slf4j.org/codes.html#multiple_bindings for an explanation.
SLF4J(I): Actual provider is of type [scribe.slf4j.ScribeServiceProvider@57e0253f]
2024.08.12 16:00:59 WARN  Flyway upgrade recommended: H2 2.3.230 is newer than this version of Flyway and support has not been tested. The latest supported version of H2 is 2.2.220.
2024.08.12 16:01:01 INFO  no build target found for C:\Users\LENOVO\UCSC\2nd Year\semester 1\2204 Functional Programming\Practicals\gitRepo\Scala22000291\practical8\q1.scala. Using presentation compiler with project's scala-library version: 3.3.3
2024.08.12 16:01:01 INFO  Attempting to connect to the build server...
2024.08.12 16:01:01 INFO  Running BSP server List(C:\Users\LENOVO\AppData\Local\Coursier\data\bin\.scala-cli.aux.exe, bsp, --json-options, C:\Users\LENOVO\UCSC\2nd Year\semester 1\2204 Functional Programming\Practicals\gitRepo\Scala22000291\practical8\.scala-build\ide-options-v2.json, --json-launcher-options, C:\Users\LENOVO\UCSC\2nd Year\semester 1\2204 Functional Programming\Practicals\gitRepo\Scala22000291\practical8\.scala-build\ide-launcher-options.json, --envs-file, C:\Users\LENOVO\UCSC\2nd Year\semester 1\2204 Functional Programming\Practicals\gitRepo\Scala22000291\practical8\.scala-build\ide-envs.json, C:\Users\LENOVO\UCSC\2nd Year\semester 1\2204 Functional Programming\Practicals\gitRepo\Scala22000291\practical8)
2024.08.12 16:01:01 INFO  tracing is disabled for protocol BSP, to enable tracing of incoming and outgoing JSON messages create an empty file at C:\Users\LENOVO\UCSC\2nd Year\semester 1\2204 Functional Programming\Practicals\gitRepo\Scala22000291\practical8\.metals\bsp.trace.json or C:\Users\LENOVO\AppData\Local\scalameta\metals\cache\bsp.trace.json
Aug 12, 2024 4:01:02 PM org.eclipse.lsp4j.jsonrpc.services.GenericEndpoint notify
INFO: Unsupported notification method: $/setTrace
Aug 12, 2024 4:01:02 PM org.eclipse.lsp4j.jsonrpc.RemoteEndpoint handleCancellation
WARNING: Unmatched cancel notification for request id 9
Aug 12, 2024 4:01:02 PM org.eclipse.lsp4j.jsonrpc.RemoteEndpoint handleCancellation
WARNING: Unmatched cancel notification for request id 10
2024.08.12 16:01:05 INFO  BSP server: Starting compilation server
2024.08.12 16:01:11 INFO  time: Connected to build server in 9.53s
2024.08.12 16:01:11 INFO  Connected to Build server: scala-cli v1.4.0
2024.08.12 16:01:11 INFO  time: Imported build in 0.21s
2024.08.12 16:01:11 INFO  running doctor check
2024.08.12 16:01:11 INFO  java targets: practical8_f4dd477a3a-test, practical8_f4dd477a3a
2024.08.12 16:01:18 WARN  Flyway upgrade recommended: H2 2.3.230 is newer than this version of Flyway and support has not been tested. The latest supported version of H2 is 2.2.220.
2024.08.12 16:01:18 INFO  time: indexed workspace in 7.19s
Aug 12, 2024 4:06:56 PM org.eclipse.lsp4j.jsonrpc.services.GenericEndpoint notify
INFO: Unsupported notification method: $/setTrace
2024.08.12 16:07:16 INFO  no build target found for C:\Users\LENOVO\UCSC\2nd Year\semester 1\2204 Functional Programming\Practicals\gitRepo\Scala22000291\practical8\q2.scala. Using presentation compiler with project's scala-library version: 3.3.3
2024.08.12 16:07:16 INFO  no build target found for C:\Users\LENOVO\UCSC\2nd Year\semester 1\2204 Functional Programming\Practicals\gitRepo\Scala22000291\practical8\q2.scala. Using presentation compiler with project's scala-library version: 3.3.3
2024.08.12 16:07:16 WARN  Could not find semantic tokens for: file:///C:/Users/LENOVO/UCSC/2nd%20Year/semester%201/2204%20Functional%20Programming/Practicals/gitRepo/Scala22000291/practical8/q2.scala
2024.08.12 16:07:16 INFO  running doctor check
2024.08.12 16:07:16 INFO  java targets: practical8_f4dd477a3a-test, practical8_f4dd477a3a
2024.08.12 16:07:16 INFO  compiling practical8_f4dd477a3a (1 scala source)
2024.08.12 16:07:18 INFO  time: indexed workspace in 1.83s
2024.08.12 16:07:18 INFO  Deduplicating compilation of practical8_f4dd477a3a from bsp client 'scala-cli 1.4.0' (since 6m 8.053s)
2024.08.12 16:07:18 INFO  compiling practical8_f4dd477a3a (1 scala source)
2024.08.12 16:07:18 INFO  time: compiled practical8_f4dd477a3a in 0.2s
2024.08.12 16:07:18 WARN  Could not find semantic tokens for: file:///C:/Users/LENOVO/UCSC/2nd%20Year/semester%201/2204%20Functional%20Programming/Practicals/gitRepo/Scala22000291/practical8/q2.scala
2024.08.12 16:25:24 INFO  compiling practical8_f4dd477a3a (1 scala source)
2024.08.12 16:25:26 INFO  time: compiled practical8_f4dd477a3a in 2.08s
2024.08.12 17:13:28 INFO  Shutting down server
2024.08.12 17:13:28 INFO  shutting down Metals
2024.08.12 17:13:28 INFO  Shut down connection with build server.
2024.08.12 17:13:28 INFO  Exiting server
2024.08.13 09:01:45 INFO  Started: Metals version 1.3.5 in folders 'C:\Users\LENOVO\UCSC\2nd Year\semester 1\2204 Functional Programming\Practicals\gitRepo\Scala22000291\practical8' for client Visual Studio Code 1.92.1.
SLF4J(W): Class path contains multiple SLF4J providers.
SLF4J(W): Found provider [scribe.slf4j.ScribeServiceProvider@1774d78e]
SLF4J(W): Found provider [ch.qos.logback.classic.spi.LogbackServiceProvider@74072cc0]
SLF4J(W): See https://www.slf4j.org/codes.html#multiple_bindings for an explanation.
SLF4J(I): Actual provider is of type [scribe.slf4j.ScribeServiceProvider@1774d78e]
2024.08.13 09:01:46 WARN  Flyway upgrade recommended: H2 2.3.230 is newer than this version of Flyway and support has not been tested. The latest supported version of H2 is 2.2.220.
Aug 13, 2024 9:01:48 AM org.eclipse.lsp4j.jsonrpc.services.GenericEndpoint notify
INFO: Unsupported notification method: $/setTrace
2024.08.13 09:01:48 INFO  no build target found for C:\Users\LENOVO\UCSC\2nd Year\semester 1\2204 Functional Programming\Practicals\gitRepo\Scala22000291\practical8\q1.scala. Using presentation compiler with project's scala-library version: 3.3.3
2024.08.13 09:01:49 INFO  Attempting to connect to the build server...
2024.08.13 09:01:49 INFO  Running BSP server List(C:\Users\LENOVO\AppData\Local\Coursier\data\bin\.scala-cli.aux.exe, bsp, --json-options, C:\Users\LENOVO\UCSC\2nd Year\semester 1\2204 Functional Programming\Practicals\gitRepo\Scala22000291\practical8\.scala-build\ide-options-v2.json, --json-launcher-options, C:\Users\LENOVO\UCSC\2nd Year\semester 1\2204 Functional Programming\Practicals\gitRepo\Scala22000291\practical8\.scala-build\ide-launcher-options.json, --envs-file, C:\Users\LENOVO\UCSC\2nd Year\semester 1\2204 Functional Programming\Practicals\gitRepo\Scala22000291\practical8\.scala-build\ide-envs.json, C:\Users\LENOVO\UCSC\2nd Year\semester 1\2204 Functional Programming\Practicals\gitRepo\Scala22000291\practical8)
2024.08.13 09:01:49 INFO  tracing is disabled for protocol BSP, to enable tracing of incoming and outgoing JSON messages create an empty file at C:\Users\LENOVO\UCSC\2nd Year\semester 1\2204 Functional Programming\Practicals\gitRepo\Scala22000291\practical8\.metals\bsp.trace.json or C:\Users\LENOVO\AppData\Local\scalameta\metals\cache\bsp.trace.json
2024.08.13 09:01:56 INFO  BSP server: Starting compilation server
2024.08.13 09:02:04 INFO  time: Connected to build server in 15s
2024.08.13 09:02:04 INFO  Connected to Build server: scala-cli v1.4.0
2024.08.13 09:02:05 INFO  time: Imported build in 0.29s
2024.08.13 09:02:04 INFO  running doctor check
2024.08.13 09:02:04 INFO  java targets: practical8_f4dd477a3a-test, practical8_f4dd477a3a
2024.08.13 09:02:11 WARN  Flyway upgrade recommended: H2 2.3.230 is newer than this version of Flyway and support has not been tested. The latest supported version of H2 is 2.2.220.
2024.08.13 09:02:12 INFO  time: indexed workspace in 7.54s
Aug 13, 2024 9:02:33 AM org.eclipse.lsp4j.jsonrpc.services.GenericEndpoint notify
INFO: Unsupported notification method: $/setTrace
2024.08.13 09:07:36 INFO  compiling practical8_f4dd477a3a (1 scala source)
2024.08.13 09:07:43 INFO  time: compiled practical8_f4dd477a3a in 6.84s
2024.08.13 09:09:04 INFO  compiling practical8_f4dd477a3a (1 scala source)
2024.08.13 09:09:06 INFO  time: compiled practical8_f4dd477a3a in 1.68s
2024.08.13 09:09:06 WARN  Could not load snapshot text for C:\Users\LENOVO\UCSC\2nd Year\semester 1\2204 Functional Programming\Practicals\gitRepo\Scala22000291\practical8\q1.scala
2024.08.13 09:09:06 INFO  compiling practical8_f4dd477a3a (1 scala source)
2024.08.13 09:09:08 INFO  time: compiled practical8_f4dd477a3a in 0.97s
2024.08.13 09:09:49 INFO  compiling practical8_f4dd477a3a (1 scala source)
2024.08.13 09:09:51 INFO  time: compiled practical8_f4dd477a3a in 2.01s
2024.08.13 09:10:23 INFO  compiling practical8_f4dd477a3a (1 scala source)
2024.08.13 09:10:23 INFO  time: compiled practical8_f4dd477a3a in 0.91s
2024.08.13 09:10:35 INFO  compiling practical8_f4dd477a3a (1 scala source)
2024.08.13 09:10:35 INFO  time: compiled practical8_f4dd477a3a in 0.81s
2024.08.13 09:10:41 INFO  compiling practical8_f4dd477a3a (1 scala source)
2024.08.13 09:10:41 INFO  time: compiled practical8_f4dd477a3a in 0.9s
2024.08.13 09:10:43 INFO  compiling practical8_f4dd477a3a (1 scala source)
2024.08.13 09:10:44 WARN  Could not load snapshot text for C:\Users\LENOVO\UCSC\2nd Year\semester 1\2204 Functional Programming\Practicals\gitRepo\Scala22000291\practical8\q1.scala
2024.08.13 09:10:43 INFO  time: compiled practical8_f4dd477a3a in 0.41s
2024.08.13 09:10:44 WARN  Could not load snapshot text for C:\Users\LENOVO\UCSC\2nd Year\semester 1\2204 Functional Programming\Practicals\gitRepo\Scala22000291\practical8\q1.scala
2024.08.13 09:10:46 INFO  compiling practical8_f4dd477a3a (1 scala source)
2024.08.13 09:10:46 INFO  time: compiled practical8_f4dd477a3a in 0.62s
2024.08.13 09:10:53 INFO  compiling practical8_f4dd477a3a (1 scala source)
2024.08.13 09:10:53 INFO  time: compiled practical8_f4dd477a3a in 0.76s
2024.08.13 09:18:01 INFO  compiling practical8_f4dd477a3a (1 scala source)
2024.08.13 09:18:01 INFO  time: compiled practical8_f4dd477a3a in 0.78s
2024.08.13 09:18:39 INFO  compiling practical8_f4dd477a3a (1 scala source)
2024.08.13 09:18:39 INFO  time: compiled practical8_f4dd477a3a in 0.74s
2024.08.13 09:19:08 INFO  compiling practical8_f4dd477a3a (1 scala source)
2024.08.13 09:19:08 INFO  time: compiled practical8_f4dd477a3a in 0.67s
2024.08.13 09:19:31 INFO  compiling practical8_f4dd477a3a (1 scala source)
2024.08.13 09:19:31 INFO  time: compiled practical8_f4dd477a3a in 0.36s
2024.08.13 09:19:35 INFO  compiling practical8_f4dd477a3a (1 scala source)
2024.08.13 09:19:37 INFO  time: compiled practical8_f4dd477a3a in 1.09s
2024.08.13 09:19:41 INFO  compiling practical8_f4dd477a3a (1 scala source)
2024.08.13 09:19:41 INFO  time: compiled practical8_f4dd477a3a in 0.96s
2024.08.13 09:19:44 INFO  compiling practical8_f4dd477a3a (1 scala source)
2024.08.13 09:19:44 INFO  time: compiled practical8_f4dd477a3a in 0.8s
2024.08.13 09:19:48 INFO  compiling practical8_f4dd477a3a (1 scala source)
2024.08.13 09:19:48 INFO  time: compiled practical8_f4dd477a3a in 0.81s
2024.08.13 09:20:01 INFO  compiling practical8_f4dd477a3a (1 scala source)
2024.08.13 09:20:01 INFO  time: compiled practical8_f4dd477a3a in 0.76s
Aug 13, 2024 9:20:04 AM org.eclipse.lsp4j.jsonrpc.RemoteEndpoint handleCancellation
WARNING: Unmatched cancel notification for request id 437
Aug 13, 2024 9:20:25 AM org.eclipse.lsp4j.jsonrpc.RemoteEndpoint handleCancellation
WARNING: Unmatched cancel notification for request id 481
2024.08.13 09:20:28 INFO  compiling practical8_f4dd477a3a (1 scala source)
2024.08.13 09:20:28 INFO  time: compiled practical8_f4dd477a3a in 0.58s
2024.08.13 09:20:33 INFO  compiling practical8_f4dd477a3a (1 scala source)
2024.08.13 09:20:33 INFO  time: compiled practical8_f4dd477a3a in 0.73s
2024.08.13 09:20:53 INFO  compiling practical8_f4dd477a3a (1 scala source)
2024.08.13 09:20:53 INFO  time: compiled practical8_f4dd477a3a in 0.64s
2024.08.13 09:21:14 INFO  compiling practical8_f4dd477a3a (1 scala source)
2024.08.13 09:21:14 INFO  time: compiled practical8_f4dd477a3a in 0.75s
2024.08.13 09:21:35 INFO  compiling practical8_f4dd477a3a (1 scala source)
2024.08.13 09:21:35 INFO  time: compiled practical8_f4dd477a3a in 0.54s
Aug 13, 2024 9:41:24 AM org.eclipse.lsp4j.jsonrpc.RemoteEndpoint handleCancellation
WARNING: Unmatched cancel notification for request id 643
Aug 13, 2024 9:42:27 AM org.eclipse.lsp4j.jsonrpc.RemoteEndpoint handleCancellation
WARNING: Unmatched cancel notification for request id 656
Aug 13, 2024 9:42:28 AM org.eclipse.lsp4j.jsonrpc.RemoteEndpoint handleCancellation
WARNING: Unmatched cancel notification for request id 657
Aug 13, 2024 9:42:51 AM org.eclipse.lsp4j.jsonrpc.RemoteEndpoint handleCancellation
WARNING: Unmatched cancel notification for request id 683
Aug 13, 2024 10:11:19 AM org.eclipse.lsp4j.jsonrpc.RemoteEndpoint handleCancellation
WARNING: Unmatched cancel notification for request id 812
